mktextfm BiauKai/OT
mktextfm BiauKai/OT
mktextfm BiauKai/OT
mktextfm BiauKai/BI/OT
mktextfm BiauKai/OT
mktextfm BiauKai/B/OT
mktextfm BiauKai/OT
mktextfm BiauKai/I/OT
mktextfm BiauKai/OT
mktextfm BiauKai/OT
mktextfm BiauKai/OT
mktextfm BiauKai/OT
mktextfm BiauKai/OT
mktextfm BiauKai/OT
mktextfm BiauKai/OT
mktextfm BiauKai/BI/OT
mktextfm BiauKai/OT
mktextfm BiauKai/B/OT
mktextfm BiauKai/OT
mktextfm BiauKai/I/OT
mktextfm BiauKai/OT
mktextfm BiauKai/OT
mktextfm BiauKai/OT
mktextfm BiauKai/OT
mktextfm BiauKai/OT
mktextfm BiauKai/OT
mktextfm BiauKai/OT
mktextfm BiauKai/BI/OT
mktextfm BiauKai/OT
mktextfm BiauKai/B/OT
mktextfm BiauKai/OT
mktextfm BiauKai/I/OT
mktextfm BiauKai/OT
mktextfm BiauKai/OT
mktextfm BiauKai/OT
mktextfm BiauKai/OT
mktextfm BiauKai/OT
mktextfm BiauKai/OT
mktextfm BiauKai/OT
mktextfm BiauKai/BI/OT
mktextfm BiauKai/OT
mktextfm BiauKai/B/OT
mktextfm BiauKai/OT
mktextfm BiauKai/I/OT
mktextfm BiauKai/OT
mktextfm BiauKai/OT
mktextfm BiauKai/OT
mktextfm BiauKai/OT
mktextfm BiauKai/OT
mktextfm BiauKai/OT
mktextfm BiauKai/OT
mktextfm BiauKai/BI/OT
mktextfm BiauKai/OT
mktextfm BiauKai/B/OT
mktextfm BiauKai/OT
mktextfm BiauKai/I/OT
mktextfm BiauKai/OT
mktextfm BiauKai/OT
mktextfm BiauKai/OT
mktextfm BiauKai/OT
mktextfm BiauKai/OT
mktextfm BiauKai/OT
mktextfm BiauKai/OT
mktextfm BiauKai/BI/OT
mktextfm BiauKai/OT
mktextfm BiauKai/B/OT
mktextfm BiauKai/OT
mktextfm BiauKai/I/OT
mktextfm BiauKai/OT
mktextfm BiauKai/OT
mktextfm BiauKai/OT
mktextfm BiauKai/OT
mktextfm BiauKai/OT
mktextfm BiauKai/OT
mktextfm BiauKai/OT
mktextfm BiauKai/BI/OT
mktextfm BiauKai/OT
mktextfm BiauKai/B/OT
mktextfm BiauKai/OT
mktextfm BiauKai/I/OT
mktextfm BiauKai/OT
mktextfm BiauKai/OT
mktextfm BiauKai/OT
mktextfm BiauKai/OT
mktextfm BiauKai/OT
mktextfm BiauKai/OT
mktextfm BiauKai/OT
mktextfm BiauKai/BI/OT
mktextfm BiauKai/OT
mktextfm BiauKai/B/OT
mktextfm BiauKai/OT
mktextfm BiauKai/I/OT
mktextfm BiauKai/OT
mktextfm BiauKai/OT
mktextfm BiauKai/OT
mktextfm BiauKai/OT
mktextfm BiauKai/OT
mktextfm BiauKai/OT
mktextfm BiauKai/OT
mktextfm BiauKai/BI/OT
mktextfm BiauKai/OT
mktextfm BiauKai/B/OT
mktextfm BiauKai/OT
mktextfm BiauKai/I/OT
mktextfm BiauKai/OT
mktextfm BiauKai/OT
mktextfm BiauKai/OT
mktextfm BiauKai/OT
mktextfm Bukai/OT
mktextfm Bukai/OT
mktextfm Bukai/OT
mktextfm Bukai/BI/OT
mktextfm Bukai/OT
mktextfm Bukai/B/OT
mktextfm Bukai/OT
mktextfm Bukai/I/OT
mktextfm Bukai/OT
mktextfm Bukai/OT
mktextfm Bukai/OT
mktextfm Bukai/OT
mktextfm Bukai/OT
mktextfm Bukai/OT
mktextfm Bukai/OT
mktextfm Bukai/BI/OT
mktextfm Bukai/OT
mktextfm Bukai/B/OT
mktextfm Bukai/OT
mktextfm Bukai/I/OT
mktextfm Bukai/OT
mktextfm Bukai/OT
mktextfm Bukai/OT
mktextfm Bukai/OT
mktextfm Bukai/OT
mktextfm Bukai/OT
mktextfm Bukai/OT
mktextfm Bukai/BI/OT
mktextfm Bukai/OT
mktextfm Bukai/B/OT
mktextfm Bukai/OT
mktextfm Bukai/I/OT
mktextfm Bukai/OT
mktextfm Bukai/OT
mktextfm Bukai/OT
mktextfm Bukai/OT
